2025-12-24 12:08:17,641 - INFO - Query received: what is corporate tax
2025-12-24 12:08:17,642 - INFO - Use pytorch device_name: cpu
2025-12-24 12:08:17,642 - INFO - Load pretrained SentenceTransformer: all-MiniLM-L6-v2
2025-12-24 12:08:22,846 - INFO - BEGIN (implicit)
2025-12-24 12:08:22,851 - INFO - SELECT document_chunks.id AS document_chunks_id, document_chunks.document_id AS document_chunks_document_id, document_chunks.page_number AS document_chunks_page_number, document_chunks.chunk_index AS document_chunks_chunk_index, document_chunks.chunk_text AS document_chunks_chunk_text 
FROM document_chunks 
WHERE document_chunks.id = ?
 LIMIT ? OFFSET ?
2025-12-24 12:08:22,852 - INFO - [generated in 0.00062s] ('50d89b41-ce62-443d-92d4-3df5ad416640', 1, 0)
2025-12-24 12:08:22,853 - INFO - ROLLBACK
2025-12-24 12:08:22,853 - INFO - Answer returned from doc cbd2668b-0a0f-427e-87b1-68d00827af37 page 3
2025-12-24 12:12:24,425 - INFO - Query received: What tax applies to domestic companies in India?
2025-12-24 12:12:24,432 - INFO - Use pytorch device_name: cpu
2025-12-24 12:12:24,432 - INFO - Load pretrained SentenceTransformer: all-MiniLM-L6-v2
2025-12-24 12:12:29,411 - INFO - BEGIN (implicit)
2025-12-24 12:12:29,415 - INFO - SELECT document_chunks.id AS document_chunks_id, document_chunks.document_id AS document_chunks_document_id, document_chunks.page_number AS document_chunks_page_number, document_chunks.chunk_index AS document_chunks_chunk_index, document_chunks.chunk_text AS document_chunks_chunk_text 
FROM document_chunks 
WHERE document_chunks.id = ?
 LIMIT ? OFFSET ?
2025-12-24 12:12:29,415 - INFO - [generated in 0.00069s] ('adb21eec-7b60-4568-aef2-8cf05e7daad5', 1, 0)
2025-12-24 12:12:29,417 - INFO - ROLLBACK
2025-12-24 12:12:29,417 - INFO - Answer returned from doc cbd2668b-0a0f-427e-87b1-68d00827af37 page 2
2025-12-24 12:14:15,371 - INFO - Query received: What tax applies to freelancers in India?
2025-12-24 12:14:15,371 - INFO - Use pytorch device_name: cpu
2025-12-24 12:14:15,371 - INFO - Load pretrained SentenceTransformer: all-MiniLM-L6-v2
2025-12-24 12:14:22,244 - INFO - BEGIN (implicit)
2025-12-24 12:14:22,247 - INFO - SELECT document_chunks.id AS document_chunks_id, document_chunks.document_id AS document_chunks_document_id, document_chunks.page_number AS document_chunks_page_number, document_chunks.chunk_index AS document_chunks_chunk_index, document_chunks.chunk_text AS document_chunks_chunk_text 
FROM document_chunks 
WHERE document_chunks.id = ?
 LIMIT ? OFFSET ?
2025-12-24 12:14:22,247 - INFO - [generated in 0.00051s] ('9395d045-c2d7-4033-95ac-3f7a5d836c77', 1, 0)
2025-12-24 12:14:22,248 - INFO - ROLLBACK
2025-12-24 12:14:22,249 - INFO - BEGIN (implicit)
2025-12-24 12:14:22,249 - INFO - SELECT document_chunks.id AS document_chunks_id, document_chunks.document_id AS document_chunks_document_id, document_chunks.page_number AS document_chunks_page_number, document_chunks.chunk_index AS document_chunks_chunk_index, document_chunks.chunk_text AS document_chunks_chunk_text 
FROM document_chunks 
WHERE document_chunks.id = ?
 LIMIT ? OFFSET ?
2025-12-24 12:14:22,249 - INFO - [cached since 0.003042s ago] ('0e0db4a3-34f3-4183-9b1a-68f7cffb9917', 1, 0)
2025-12-24 12:14:22,251 - INFO - ROLLBACK
2025-12-24 12:14:22,251 - INFO - BEGIN (implicit)
2025-12-24 12:14:22,252 - INFO - SELECT document_chunks.id AS document_chunks_id, document_chunks.document_id AS document_chunks_document_id, document_chunks.page_number AS document_chunks_page_number, document_chunks.chunk_index AS document_chunks_chunk_index, document_chunks.chunk_text AS document_chunks_chunk_text 
FROM document_chunks 
WHERE document_chunks.id = ?
 LIMIT ? OFFSET ?
2025-12-24 12:14:22,252 - INFO - [cached since 0.005322s ago] ('8a965332-9c96-4936-8393-6df66e9f40ed', 1, 0)
2025-12-24 12:14:22,253 - INFO - ROLLBACK
2025-12-24 12:14:22,254 - WARNING - Query rejected: no verified answer
2025-12-24 12:15:48,394 - INFO - Query received: Tax applicable for companies in India
2025-12-24 12:15:48,398 - INFO - Use pytorch device_name: cpu
2025-12-24 12:15:48,398 - INFO - Load pretrained SentenceTransformer: all-MiniLM-L6-v2
2025-12-24 12:15:53,032 - INFO - BEGIN (implicit)
2025-12-24 12:15:53,036 - INFO - SELECT document_chunks.id AS document_chunks_id, document_chunks.document_id AS document_chunks_document_id, document_chunks.page_number AS document_chunks_page_number, document_chunks.chunk_index AS document_chunks_chunk_index, document_chunks.chunk_text AS document_chunks_chunk_text 
FROM document_chunks 
WHERE document_chunks.id = ?
 LIMIT ? OFFSET ?
2025-12-24 12:15:53,036 - INFO - [generated in 0.00061s] ('adb21eec-7b60-4568-aef2-8cf05e7daad5', 1, 0)
2025-12-24 12:15:53,039 - INFO - ROLLBACK
2025-12-24 12:15:53,039 - INFO - Answer returned from doc cbd2668b-0a0f-427e-87b1-68d00827af37 page 2
2025-12-24 12:22:28,894 - INFO - Query received: what is gst
2025-12-24 12:22:28,897 - INFO - Use pytorch device_name: cpu
2025-12-24 12:22:28,897 - INFO - Load pretrained SentenceTransformer: all-MiniLM-L6-v2
2025-12-24 12:22:34,540 - INFO - BEGIN (implicit)
2025-12-24 12:22:34,555 - INFO - SELECT document_chunks.id AS document_chunks_id, document_chunks.document_id AS document_chunks_document_id, document_chunks.page_number AS document_chunks_page_number, document_chunks.chunk_index AS document_chunks_chunk_index, document_chunks.chunk_text AS document_chunks_chunk_text 
FROM document_chunks 
WHERE document_chunks.id = ?
 LIMIT ? OFFSET ?
2025-12-24 12:22:34,556 - INFO - [generated in 0.00151s] ('8abe81c3-9a2b-4998-b894-8d1f9eb87158', 1, 0)
2025-12-24 12:22:34,557 - INFO - ROLLBACK
2025-12-24 12:22:34,558 - INFO - Answer returned from doc cbd2668b-0a0f-427e-87b1-68d00827af37 page 13
